Added Component: Designator=Servos GND(HDR1X6)
Add component (AddParameter): Name = "LatestRevisionDate"; Value = "17-Jul-2002"; VariantName = "[No Variations]"
Add component (AddParameter): Name = "LatestRevisionNote"; Value = "Re-released for DXP Platform."; VariantName = "[No Variations]"
Add component (AddParameter): Name = "Publisher"; Value = "Altium Limited"; VariantName = "[No Variations]"
Added Component: Designator=Servos VCC(HDR1X6)
Add component (AddParameter): Name = "LatestRevisionDate"; Value = "17-Jul-2002"; VariantName = "[No Variations]"
Add component (AddParameter): Name = "LatestRevisionNote"; Value = "Re-released for DXP Platform."; VariantName = "[No Variations]"
Add component (AddParameter): Name = "Publisher"; Value = "Altium Limited"; VariantName = "[No Variations]"
Added Pin To Net: NetName=GND Pin=Servos GND-1
Added Pin To Net: NetName=GND Pin=Servos GND-2
Added Pin To Net: NetName=GND Pin=Servos GND-3
Added Pin To Net: NetName=GND Pin=Servos GND-4
Added Pin To Net: NetName=GND Pin=Servos GND-5
Added Pin To Net: NetName=GND Pin=Servos GND-6
Added Pin To Net: NetName=+5 Pin=Servos VCC-1
Added Pin To Net: NetName=+5 Pin=Servos VCC-2
Added Pin To Net: NetName=+5 Pin=Servos VCC-3
Added Pin To Net: NetName=+5 Pin=Servos VCC-4
Added Pin To Net: NetName=+5 Pin=Servos VCC-5
Added Pin To Net: NetName=+5 Pin=Servos VCC-6
Added Pin To Net: NetName=NetArduino Nano_30 Pin=Arduino Nano-30
Added Pin To Net: NetName=NetArduino Nano_30 Pin=R5-1
Added Net: Name=NetArduino Nano_30
Added Member To Class: ClassName=Esquematico Member=Component Servos GND Header 6
Added Member To Class: ClassName=Esquematico Member=Component Servos VCC Header 6
