Change Component Designator: OldDesignator=Drv8825 NewDesignator=A988
Added Component: Designator=C1(Cap 100uF x 25V (POL))
Add component (AddParameter): Name = "LatestRevisionDate"; Value = "17-Jul-2002"; VariantName = "[No Variations]"
Add component (AddParameter): Name = "LatestRevisionNote"; Value = "Re-released for DXP Platform."; VariantName = "[No Variations]"
Add component (AddParameter): Name = "PackageDescription"; Value = "Polarized Capacitor (Radial); 2 Leads"; VariantName = "[No Variations]"
Add component (AddParameter): Name = "PackageReference"; Value = "RB7.6-15"; VariantName = "[No Variations]"
Add component (AddParameter): Name = "Published"; Value = "8-Jun-2000"; VariantName = "[No Variations]"
Add component (AddParameter): Name = "Publisher"; Value = "Altium Limited"; VariantName = "[No Variations]"
Add component (AddParameter): Name = "Value"; Value = "10uF"; VariantName = "[No Variations]"
Added Component: Designator=C2(Cap 100uF x 25V (POL))
Add component (AddParameter): Name = "LatestRevisionDate"; Value = "17-Jul-2002"; VariantName = "[No Variations]"
Add component (AddParameter): Name = "LatestRevisionNote"; Value = "Re-released for DXP Platform."; VariantName = "[No Variations]"
Add component (AddParameter): Name = "PackageDescription"; Value = "Polarized Capacitor (Radial); 2 Leads"; VariantName = "[No Variations]"
Add component (AddParameter): Name = "PackageReference"; Value = "RB7.6-15"; VariantName = "[No Variations]"
Add component (AddParameter): Name = "Published"; Value = "8-Jun-2000"; VariantName = "[No Variations]"
Add component (AddParameter): Name = "Publisher"; Value = "Altium Limited"; VariantName = "[No Variations]"
Add component (AddParameter): Name = "Value"; Value = "1uF"; VariantName = "[No Variations]"
Added Pin To Net: NetName=NetC1_2 Pin=C1-1
Added Pin To Net: NetName=GND Pin=C1-2
Added Pin To Net: NetName=+5 Pin=C2-1
Added Pin To Net: NetName=GND Pin=C2-2
Change Net Name : Old Net Name=NetC1_2 New Net Name=NetC1_1
Change Net Name : Old Net Name=NetDrv8825_5 New Net Name=NetA988_5
Change Net Name : Old Net Name=NetDrv8825_7 New Net Name=NetA988_7
Change Net Name : Old Net Name=NetDrv8825_8 New Net Name=NetA988_8
Change Net Name : Old Net Name=NetDrv8825_11 New Net Name=NetA988_11
Change Net Name : Old Net Name=NetDrv8825_12 New Net Name=NetA988_12
Change Net Name : Old Net Name=NetDrv8825_13 New Net Name=NetA988_13
Change Net Name : Old Net Name=NetDrv8825_14 New Net Name=NetA988_14
Added Member To Class: ClassName=Esquematico Member=Component C1 Cap pol 100uFx25V
Added Member To Class: ClassName=Esquematico Member=Component C2 Cap pol 100uFx25V
