Added Component: Designator=Alim. Arduino(HDR1*5)
Added Component: Designator=Header GND(HDR1X6)
Add component (AddParameter): Name = "LatestRevisionDate"; Value = "17-Jul-2002"; VariantName = "[No Variations]"
Add component (AddParameter): Name = "LatestRevisionNote"; Value = "Re-released for DXP Platform."; VariantName = "[No Variations]"
Add component (AddParameter): Name = "Publisher"; Value = "Altium Limited"; VariantName = "[No Variations]"
Added Component: Designator=Header VCC(HDR1X6)
Add component (AddParameter): Name = "LatestRevisionDate"; Value = "17-Jul-2002"; VariantName = "[No Variations]"
Add component (AddParameter): Name = "LatestRevisionNote"; Value = "Re-released for DXP Platform."; VariantName = "[No Variations]"
Add component (AddParameter): Name = "Publisher"; Value = "Altium Limited"; VariantName = "[No Variations]"
Added Component: Designator=RXD_TX(HDR1X2)
Add component (AddParameter): Name = "LatestRevisionDate"; Value = "17-Jul-2002"; VariantName = "[No Variations]"
Add component (AddParameter): Name = "LatestRevisionNote"; Value = "Re-released for DXP Platform."; VariantName = "[No Variations]"
Add component (AddParameter): Name = "Publisher"; Value = "Altium Limited"; VariantName = "[No Variations]"
Added Component: Designator=STEP_DIR(HDR1X2)
Add component (AddParameter): Name = "LatestRevisionDate"; Value = "17-Jul-2002"; VariantName = "[No Variations]"
Add component (AddParameter): Name = "LatestRevisionNote"; Value = "Re-released for DXP Platform."; VariantName = "[No Variations]"
Add component (AddParameter): Name = "Publisher"; Value = "Altium Limited"; VariantName = "[No Variations]"
Added Pin To Net: NetName=+5 Pin=Alim. Arduino-1
Added Pin To Net: NetName=+5 Pin=Alim. Arduino-2
Added Pin To Net: NetName=+5 Pin=Alim. Arduino-3
Added Pin To Net: NetName=+12 Pin=Alim. Arduino-4
Added Pin To Net: NetName=GND Pin=Alim. Arduino-5
Added Pin To Net: NetName=GND Pin=Header GND-1
Added Pin To Net: NetName=GND Pin=Header GND-2
Added Pin To Net: NetName=GND Pin=Header GND-3
Added Pin To Net: NetName=GND Pin=Header GND-4
Added Pin To Net: NetName=GND Pin=Header GND-5
Added Pin To Net: NetName=GND Pin=Header GND-6
Added Pin To Net: NetName=+5 Pin=Header VCC-1
Added Pin To Net: NetName=+5 Pin=Header VCC-2
Added Pin To Net: NetName=+5 Pin=Header VCC-3
Added Pin To Net: NetName=+5 Pin=Header VCC-4
Added Pin To Net: NetName=+5 Pin=Header VCC-5
Added Pin To Net: NetName=+5 Pin=Header VCC-6
Added Pin To Net: NetName=NetR1_1 Pin=RXD_TX-1
Added Pin To Net: NetName=NetHC-06_3 Pin=RXD_TX-2
Added Pin To Net: NetName=NetDrv8825_7 Pin=STEP_DIR-2
Added Pin To Net: NetName=NetDrv8825_8 Pin=Drv8825-8
Added Pin To Net: NetName=NetDrv8825_8 Pin=STEP_DIR-1
Added Net: Name=NetDrv8825_8
Added Member To Class: ClassName=Esquematico Member=Component Alim. Arduino Bornera, 12 pin
Added Member To Class: ClassName=Esquematico Member=Component Header GND Header 6
Added Member To Class: ClassName=Esquematico Member=Component Header VCC Header 6
Added Member To Class: ClassName=Esquematico Member=Component RXD_TX Header 2
Added Member To Class: ClassName=Esquematico Member=Component STEP_DIR Header 2
