Added Component: Designator=Arduino Pines(HDR1X10)
Add component (AddParameter): Name = "LatestRevisionDate"; Value = "17-Jul-2002"; VariantName = "[No Variations]"
Add component (AddParameter): Name = "LatestRevisionNote"; Value = "Re-released for DXP Platform."; VariantName = "[No Variations]"
Add component (AddParameter): Name = "Publisher"; Value = "Altium Limited"; VariantName = "[No Variations]"
Added Pin To Net: NetName=NetArduino Nano_20 Pin=Arduino Nano-20
Added Pin To Net: NetName=NetArduino Nano_20 Pin=Arduino Pines-10
Added Net: Name=NetArduino Nano_20
Added Pin To Net: NetName=NetArduino Nano_21 Pin=Arduino Nano-21
Added Pin To Net: NetName=NetArduino Nano_21 Pin=Arduino Pines-9
Added Net: Name=NetArduino Nano_21
Added Pin To Net: NetName=NetArduino Nano_22 Pin=Arduino Nano-22
Added Pin To Net: NetName=NetArduino Nano_22 Pin=Arduino Pines-8
Added Net: Name=NetArduino Nano_22
Added Pin To Net: NetName=NetArduino Nano_23 Pin=Arduino Nano-23
Added Pin To Net: NetName=NetArduino Nano_23 Pin=Arduino Pines-7
Added Net: Name=NetArduino Nano_23
Added Pin To Net: NetName=NetArduino Nano_24 Pin=Arduino Nano-24
Added Pin To Net: NetName=NetArduino Nano_24 Pin=Arduino Pines-6
Added Net: Name=NetArduino Nano_24
Added Pin To Net: NetName=NetArduino Nano_25 Pin=Arduino Nano-25
Added Pin To Net: NetName=NetArduino Nano_25 Pin=Arduino Pines-5
Added Net: Name=NetArduino Nano_25
Added Pin To Net: NetName=NetArduino Nano_26 Pin=Arduino Nano-26
Added Pin To Net: NetName=NetArduino Nano_26 Pin=Arduino Pines-4
Added Net: Name=NetArduino Nano_26
Added Pin To Net: NetName=NetArduino Nano_27 Pin=Arduino Nano-27
Added Pin To Net: NetName=NetArduino Nano_27 Pin=Arduino Pines-3
Added Net: Name=NetArduino Nano_27
Added Pin To Net: NetName=NetArduino Nano_28 Pin=Arduino Nano-28
Added Pin To Net: NetName=NetArduino Nano_28 Pin=Arduino Pines-2
Added Net: Name=NetArduino Nano_28
Added Pin To Net: NetName=NetArduino Nano_29 Pin=Arduino Nano-29
Added Pin To Net: NetName=NetArduino Nano_29 Pin=Arduino Pines-1
Added Net: Name=NetArduino Nano_29
Added Member To Class: ClassName=Esquematico Member=Component Arduino Pines Header 10
