Change Component Designator: OldDesignator=DIREC.  MOTOR NewDesignator=P1
Added Component: Designator=+5 (1)(HDR1X1)
Add component (AddParameter): Name = "LatestRevisionDate"; Value = "17-Jul-2002"; VariantName = "[No Variations]"
Add component (AddParameter): Name = "LatestRevisionNote"; Value = "Re-released for DXP Platform."; VariantName = "[No Variations]"
Add component (AddParameter): Name = "Publisher"; Value = "Altium Limited"; VariantName = "[No Variations]"
Added Component: Designator=+5 (2)(HDR1X1)
Add component (AddParameter): Name = "LatestRevisionDate"; Value = "17-Jul-2002"; VariantName = "[No Variations]"
Add component (AddParameter): Name = "LatestRevisionNote"; Value = "Re-released for DXP Platform."; VariantName = "[No Variations]"
Add component (AddParameter): Name = "Publisher"; Value = "Altium Limited"; VariantName = "[No Variations]"
Added Component: Designator=+5 (3)(HDR1X1)
Add component (AddParameter): Name = "LatestRevisionDate"; Value = "17-Jul-2002"; VariantName = "[No Variations]"
Add component (AddParameter): Name = "LatestRevisionNote"; Value = "Re-released for DXP Platform."; VariantName = "[No Variations]"
Add component (AddParameter): Name = "Publisher"; Value = "Altium Limited"; VariantName = "[No Variations]"
Added Component: Designator=+5 (4)(HDR1X1)
Add component (AddParameter): Name = "LatestRevisionDate"; Value = "17-Jul-2002"; VariantName = "[No Variations]"
Add component (AddParameter): Name = "LatestRevisionNote"; Value = "Re-released for DXP Platform."; VariantName = "[No Variations]"
Add component (AddParameter): Name = "Publisher"; Value = "Altium Limited"; VariantName = "[No Variations]"
Added Component: Designator=+5 (5)(HDR1X1)
Add component (AddParameter): Name = "LatestRevisionDate"; Value = "17-Jul-2002"; VariantName = "[No Variations]"
Add component (AddParameter): Name = "LatestRevisionNote"; Value = "Re-released for DXP Platform."; VariantName = "[No Variations]"
Add component (AddParameter): Name = "Publisher"; Value = "Altium Limited"; VariantName = "[No Variations]"
Added Component: Designator=GND (1)(HDR1X1)
Add component (AddParameter): Name = "LatestRevisionDate"; Value = "17-Jul-2002"; VariantName = "[No Variations]"
Add component (AddParameter): Name = "LatestRevisionNote"; Value = "Re-released for DXP Platform."; VariantName = "[No Variations]"
Add component (AddParameter): Name = "Publisher"; Value = "Altium Limited"; VariantName = "[No Variations]"
Added Component: Designator=GND (2)(HDR1X1)
Add component (AddParameter): Name = "LatestRevisionDate"; Value = "17-Jul-2002"; VariantName = "[No Variations]"
Add component (AddParameter): Name = "LatestRevisionNote"; Value = "Re-released for DXP Platform."; VariantName = "[No Variations]"
Add component (AddParameter): Name = "Publisher"; Value = "Altium Limited"; VariantName = "[No Variations]"
Added Component: Designator=GND (3)(HDR1X1)
Add component (AddParameter): Name = "LatestRevisionDate"; Value = "17-Jul-2002"; VariantName = "[No Variations]"
Add component (AddParameter): Name = "LatestRevisionNote"; Value = "Re-released for DXP Platform."; VariantName = "[No Variations]"
Add component (AddParameter): Name = "Publisher"; Value = "Altium Limited"; VariantName = "[No Variations]"
Added Component: Designator=GND (4)(HDR1X1)
Add component (AddParameter): Name = "LatestRevisionDate"; Value = "17-Jul-2002"; VariantName = "[No Variations]"
Add component (AddParameter): Name = "LatestRevisionNote"; Value = "Re-released for DXP Platform."; VariantName = "[No Variations]"
Add component (AddParameter): Name = "Publisher"; Value = "Altium Limited"; VariantName = "[No Variations]"
Added Component: Designator=GND (5)(HDR1X1)
Add component (AddParameter): Name = "LatestRevisionDate"; Value = "17-Jul-2002"; VariantName = "[No Variations]"
Add component (AddParameter): Name = "LatestRevisionNote"; Value = "Re-released for DXP Platform."; VariantName = "[No Variations]"
Add component (AddParameter): Name = "Publisher"; Value = "Altium Limited"; VariantName = "[No Variations]"
Added Pin To Net: NetName=+5 Pin=+5 (1)-1
Added Pin To Net: NetName=+5 Pin=+5 (2)-1
Added Pin To Net: NetName=+5 Pin=+5 (3)-1
Added Pin To Net: NetName=+5 Pin=+5 (4)-1
Added Pin To Net: NetName=+5 Pin=+5 (5)-1
Added Pin To Net: NetName=GND Pin=GND (1)-1
Added Pin To Net: NetName=GND Pin=GND (2)-1
Added Pin To Net: NetName=GND Pin=GND (3)-1
Added Pin To Net: NetName=GND Pin=GND (4)-1
Added Pin To Net: NetName=GND Pin=GND (5)-1
Added Member To Class: ClassName=Esquematico Member=Component +5 (1) Bornera, 2 Pin
Added Member To Class: ClassName=Esquematico Member=Component +5 (2) Bornera, 2 Pin
Added Member To Class: ClassName=Esquematico Member=Component +5 (3) Bornera, 2 Pin
Added Member To Class: ClassName=Esquematico Member=Component +5 (4) Bornera, 2 Pin
Added Member To Class: ClassName=Esquematico Member=Component +5 (5) Bornera, 2 Pin
Added Member To Class: ClassName=Esquematico Member=Component GND (1) Bornera, 2 Pin
Added Member To Class: ClassName=Esquematico Member=Component GND (2) Bornera, 2 Pin
Added Member To Class: ClassName=Esquematico Member=Component GND (3) Bornera, 2 Pin
Added Member To Class: ClassName=Esquematico Member=Component GND (4) Bornera, 2 Pin
Added Member To Class: ClassName=Esquematico Member=Component GND (5) Bornera, 2 Pin
