Change Component Designator: Old Designator=? New Designator=1
Change Component Designator: Old Designator=? New Designator=2
Change Component Designator: Old Designator=A? New Designator=A1
Change Component Designator: Old Designator=Arduino Nano? New Designator=Arduino Nano1
Change Component Designator: Old Designator=C? New Designator=C1
Change Component Designator: Old Designator=C? New Designator=C2
Change Component Designator: Old Designator=C? New Designator=C3
Change Component Designator: Old Designator=C? New Designator=C4
Change Component Designator: Old Designator=C? New Designator=C5
Change Component Designator: Old Designator=D? New Designator=D1
Change Component Designator: Old Designator=D? New Designator=D2
Change Component Designator: Old Designator=DM? New Designator=DM1
Change Component Designator: Old Designator=Fuente? New Designator=Fuente1
Change Component Designator: Old Designator=HC-? New Designator=HC-1
Change Component Designator: Old Designator=PWR? New Designator=PWR1
Change Component Designator: Old Designator=R? New Designator=R1
Change Component Designator: Old Designator=R? New Designator=R2
Change Component Designator: Old Designator=R? New Designator=R3
Change Component Designator: Old Designator=Servos GND? New Designator=Servos GND1
Change Component Designator: Old Designator=Servos VCC? New Designator=Servos VCC1
Change Component Designator: Old Designator=TIP? New Designator=TIP1
